<?xml version="1.0" encoding="UTF-8"?>
<!-- Generated by org.testng.reporters.JUnitXMLReporter -->
<testsuite hostname="PC341086" name="Test-method test" tests="4" failures="0" timestamp="24 Mar 2017 06:34:34 GMT" time="0.034" errors="0">
  <testcase name="testMethodOne" time="0.004" classname="com.practice.ParallelClassesTestTwo"/>
  <testcase name="testMethodTwo" time="0.001" classname="com.practice.ParallelClassesTestTwo"/>
  <testcase name="testMethodOne" time="0.001" classname="com.practice.ParallelClassesTestOne"/>
  <testcase name="testMethodTwo" time="0.0" classname="com.practice.ParallelClassesTestOne"/>
</testsuite> <!-- Test-method test -->
