<?xml version="1.0" encoding="UTF-8"?>
<!-- Generated by org.testng.reporters.JUnitXMLReporter -->
<testsuite hostname="PC341086" name="Test-class test 2" tests="1" failures="0" timestamp="24 Mar 2017 06:36:16 GMT" time="0.023" errors="0">
  <testcase name="testMethodOne" time="0.004" classname="com.practice.ParallelSuiteTest"/>
</testsuite> <!-- Test-class test 2 -->
