<?xml version="1.0" encoding="UTF-8"?>
<!-- Generated by org.testng.reporters.JUnitReportReporter -->
<testsuite hostname="PC341086" name="com.practice.ParallelClassesTestOne" tests="2" failures="0" timestamp="24 Mar 2017 06:34:34 GMT" time="0.001" errors="0">
  <testcase name="testMethodOne" time="0.001" classname="com.practice.ParallelClassesTestOne"/>
  <testcase name="testMethodTwo" time="0.000" classname="com.practice.ParallelClassesTestOne"/>
</testsuite> <!-- com.practice.ParallelClassesTestOne -->
