<?xml version="1.0" encoding="UTF-8"?>
<!-- Generated by org.testng.reporters.JUnitReportReporter -->
<testsuite hostname="PC341086" name="com.practice.IndependentTest" tests="6" failures="0" timestamp="24 Mar 2017 06:40:17 GMT" time="0.037" errors="0">
  <testcase name="testMethod" time="0.001" classname="com.practice.IndependentTest"/>
  <testcase name="testMethod" time="0.011" classname="com.practice.IndependentTest"/>
  <testcase name="testMethod" time="0.002" classname="com.practice.IndependentTest"/>
  <testcase name="testMethod" time="0.010" classname="com.practice.IndependentTest"/>
  <testcase name="testMethod" time="0.011" classname="com.practice.IndependentTest"/>
  <testcase name="testMethod" time="0.002" classname="com.practice.IndependentTest"/>
</testsuite> <!-- com.practice.IndependentTest -->
