<?xml version="1.0" encoding="UTF-8"?>
<!-- Generated by org.testng.reporters.JUnitReportReporter -->
<testsuite hostname="PC341086" name="com.practice.ParallelClassesTestTwo" tests="2" failures="0" timestamp="24 Mar 2017 06:34:34 GMT" time="0.005" errors="0">
  <testcase name="testMethodTwo" time="0.001" classname="com.practice.ParallelClassesTestTwo"/>
  <testcase name="testMethodOne" time="0.004" classname="com.practice.ParallelClassesTestTwo"/>
</testsuite> <!-- com.practice.ParallelClassesTestTwo -->
