<?xml version="1.0" encoding="UTF-8"?>
<!-- Generated by org.testng.reporters.JUnitReportReporter -->
<testsuite hostname="PC341086" name="com.practice.APITest1" tests="1" failures="0" timestamp="21 Mar 2017 08:29:03 GMT" time="0.010" errors="0">
  <testcase name="getRequestFindCapital" time="0.010" classname="com.practice.APITest1"/>
</testsuite> <!-- com.practice.APITest1 -->
