<?xml version="1.0" encoding="UTF-8"?>
<!-- Generated by org.testng.reporters.JUnitReportReporter -->
<testsuite hostname="PC341086" name="com.practice.ParallelSuiteTest" tests="2" failures="0" timestamp="24 Mar 2017 06:36:16 GMT" time="0.008" errors="0">
  <testcase name="testMethodOne" time="0.004" classname="com.practice.ParallelSuiteTest"/>
  <testcase name="testMethodOne" time="0.004" classname="com.practice.ParallelSuiteTest"/>
</testsuite> <!-- com.practice.ParallelSuiteTest -->
