<?xml version="1.0" encoding="UTF-8"?>
<!-- Generated by org.testng.reporters.JUnitReportReporter -->
<testsuite hostname="PC341086" name="com.practice.ParallelMethodTest" tests="2" failures="0" timestamp="24 Mar 2017 06:33:39 GMT" time="0.020" errors="0">
  <testcase name="testMethodsOne" time="0.010" classname="com.practice.ParallelMethodTest"/>
  <testcase name="testMethodsTwo" time="0.010" classname="com.practice.ParallelMethodTest"/>
</testsuite> <!-- com.practice.ParallelMethodTest -->
